<?xml version="1.0" encoding="UTF-8"?>
<testsuite name="DrivableMapTest" tests="3" skipped="0" failures="0" errors="0" timestamp="2022-10-08T03:56:28" hostname="DESKTOP-1HMUGP7" time="0.01">
  <properties/>
  <testcase name="testGetTradable" classname="DrivableMapTest" time="0.008"/>
  <testcase name="testHasFasterThan" classname="DrivableMapTest" time="0.001"/>
  <testcase name="testAddDrivable" classname="DrivableMapTest" time="0.001"/>
  <system-out><![CDATA[]]></system-out>
  <system-err><![CDATA[]]></system-err>
</testsuite>
